<?xml version="1.0" encoding="UTF-8"?>
<testsuite xmlns:xsi="http://www.w3.org/2001/XMLSchema-instance" xsi:noNamespaceSchemaLocation="https://maven.apache.org/surefire/maven-surefire-plugin/xsd/surefire-test-report-3.0.xsd" version="3.0" name="TestSuite" time="6.166" tests="5" errors="0" skipped="0" failures="0">
  <properties>
    <property name="gopherProxySet" value="false"/>
    <property name="awt.toolkit" value="sun.lwawt.macosx.LWCToolkit"/>
    <property name="java.specification.version" value="10"/>
    <property name="file.encoding.pkg" value="sun.io"/>
    <property name="sun.cpu.isalist" value=""/>
    <property name="sun.jnu.encoding" value="UTF-8"/>
    <property name="java.class.path" value="/Users/anu/eclipse-workspace/APIAutomation/target/test-classes:/Users/anu/eclipse-workspace/APIAutomation/target/classes:/Users/anu/.m2/repository/junit/junit/3.8.1/junit-3.8.1.jar:/Users/anu/.m2/repository/org/testng/testng/6.14.3/testng-6.14.3.jar:/Users/anu/.m2/repository/com/beust/jcommander/1.72/jcommander-1.72.jar:/Users/anu/.m2/repository/org/apache-extras/beanshell/bsh/2.0b6/bsh-2.0b6.jar:/Users/anu/.m2/repository/io/rest-assured/rest-assured/4.0.0/rest-assured-4.0.0.jar:/Users/anu/.m2/repository/org/codehaus/groovy/groovy/2.5.6/groovy-2.5.6.jar:/Users/anu/.m2/repository/org/codehaus/groovy/groovy-xml/2.5.6/groovy-xml-2.5.6.jar:/Users/anu/.m2/repository/org/apache/httpcomponents/httpclient/4.5.3/httpclient-4.5.3.jar:/Users/anu/.m2/repository/org/apache/httpcomponents/httpcore/4.4.6/httpcore-4.4.6.jar:/Users/anu/.m2/repository/commons-logging/commons-logging/1.2/commons-logging-1.2.jar:/Users/anu/.m2/repository/commons-codec/commons-codec/1.9/commons-codec-1.9.jar:/Users/anu/.m2/repository/org/apache/httpcomponents/httpmime/4.5.3/httpmime-4.5.3.jar:/Users/anu/.m2/repository/org/ccil/cowan/tagsoup/tagsoup/1.2.1/tagsoup-1.2.1.jar:/Users/anu/.m2/repository/io/rest-assured/json-schema-validator/4.0.0/json-schema-validator-4.0.0.jar:/Users/anu/.m2/repository/com/github/java-json-tools/json-schema-validator/2.2.10/json-schema-validator-2.2.10.jar:/Users/anu/.m2/repository/com/github/java-json-tools/json-schema-core/1.2.10/json-schema-core-1.2.10.jar:/Users/anu/.m2/repository/com/github/java-json-tools/jackson-coreutils/1.9/jackson-coreutils-1.9.jar:/Users/anu/.m2/repository/com/fasterxml/jackson/core/jackson-databind/2.2.3/jackson-databind-2.2.3.jar:/Users/anu/.m2/repository/com/fasterxml/jackson/core/jackson-annotations/2.2.3/jackson-annotations-2.2.3.jar:/Users/anu/.m2/repository/com/fasterxml/jackson/core/jackson-core/2.2.3/jackson-core-2.2.3.jar:/Users/anu/.m2/repository/com/google/guava/guava/16.0.1/guava-16.0.1.jar:/Users/anu/.m2/repository/com/github/fge/msg-simple/1.1/msg-simple-1.1.jar:/Users/anu/.m2/repository/com/github/fge/btf/1.2/btf-1.2.jar:/Users/anu/.m2/repository/com/github/fge/uri-template/0.9/uri-template-0.9.jar:/Users/anu/.m2/repository/org/mozilla/rhino/1.7.7.1/rhino-1.7.7.1.jar:/Users/anu/.m2/repository/javax/mail/mailapi/1.4.3/mailapi-1.4.3.jar:/Users/anu/.m2/repository/joda-time/joda-time/2.9.7/joda-time-2.9.7.jar:/Users/anu/.m2/repository/com/googlecode/libphonenumber/libphonenumber/8.0.0/libphonenumber-8.0.0.jar:/Users/anu/.m2/repository/com/google/code/findbugs/jsr305/3.0.1/jsr305-3.0.1.jar:/Users/anu/.m2/repository/net/sf/jopt-simple/jopt-simple/5.0.3/jopt-simple-5.0.3.jar:/Users/anu/.m2/repository/io/rest-assured/json-path/4.0.0/json-path-4.0.0.jar:/Users/anu/.m2/repository/org/codehaus/groovy/groovy-json/2.5.6/groovy-json-2.5.6.jar:/Users/anu/.m2/repository/io/rest-assured/rest-assured-common/4.0.0/rest-assured-common-4.0.0.jar:/Users/anu/.m2/repository/io/rest-assured/xml-path/4.0.0/xml-path-4.0.0.jar:/Users/anu/.m2/repository/org/apache/commons/commons-lang3/3.4/commons-lang3-3.4.jar:/Users/anu/.m2/repository/javax/xml/bind/jaxb-api/2.2.12/jaxb-api-2.2.12.jar:/Users/anu/.m2/repository/com/sun/xml/bind/jaxb-osgi/2.2.10/jaxb-osgi-2.2.10.jar:/Users/anu/.m2/repository/org/apache/sling/org.apache.sling.javax.activation/0.1.0/org.apache.sling.javax.activation-0.1.0.jar:/Users/anu/.m2/repository/javax/activation/activation/1.1.1/activation-1.1.1.jar:/Users/anu/.m2/repository/org/hamcrest/hamcrest-core/2.1/hamcrest-core-2.1.jar:/Users/anu/.m2/repository/org/hamcrest/hamcrest/2.1/hamcrest-2.1.jar:/Users/anu/.m2/repository/org/hamcrest/hamcrest-library/2.1/hamcrest-library-2.1.jar:/Users/anu/.m2/repository/org/hamcrest/java-hamcrest/2.0.0.0/java-hamcrest-2.0.0.0.jar:"/>
    <property name="java.vm.vendor" value="&quot;Oracle Corporation&quot;"/>
    <property name="sun.arch.data.model" value="64"/>
    <property name="java.vendor.url" value="http://java.oracle.com/"/>
    <property name="user.timezone" value=""/>
    <property name="java.vm.specification.version" value="10"/>
    <property name="os.name" value="Mac OS X"/>
    <property name="sun.java.launcher" value="SUN_STANDARD"/>
    <property name="user.country" value="IN"/>
    <property name="sun.boot.library.path" value="/Library/Java/JavaVirtualMachines/jdk-10.0.1.jdk/Contents/Home/lib"/>
    <property name="sun.java.command" value="/Users/anu/eclipse-workspace/APIAutomation/target/surefire/surefirebooter13668175446624748489.jar /Users/anu/eclipse-workspace/APIAutomation/target/surefire 2019-07-21T18-57-25_529-jvmRun1 surefire13231770028998599331tmp surefire_013891456628506305700tmp"/>
    <property name="http.nonProxyHosts" value="local|*.local|localhost|*.localhost|127.0.0.1"/>
    <property name="jdk.debug" value="release"/>
    <property name="surefire.test.class.path" value="/Users/anu/eclipse-workspace/APIAutomation/target/test-classes:/Users/anu/eclipse-workspace/APIAutomation/target/classes:/Users/anu/.m2/repository/junit/junit/3.8.1/junit-3.8.1.jar:/Users/anu/.m2/repository/org/testng/testng/6.14.3/testng-6.14.3.jar:/Users/anu/.m2/repository/com/beust/jcommander/1.72/jcommander-1.72.jar:/Users/anu/.m2/repository/org/apache-extras/beanshell/bsh/2.0b6/bsh-2.0b6.jar:/Users/anu/.m2/repository/io/rest-assured/rest-assured/4.0.0/rest-assured-4.0.0.jar:/Users/anu/.m2/repository/org/codehaus/groovy/groovy/2.5.6/groovy-2.5.6.jar:/Users/anu/.m2/repository/org/codehaus/groovy/groovy-xml/2.5.6/groovy-xml-2.5.6.jar:/Users/anu/.m2/repository/org/apache/httpcomponents/httpclient/4.5.3/httpclient-4.5.3.jar:/Users/anu/.m2/repository/org/apache/httpcomponents/httpcore/4.4.6/httpcore-4.4.6.jar:/Users/anu/.m2/repository/commons-logging/commons-logging/1.2/commons-logging-1.2.jar:/Users/anu/.m2/repository/commons-codec/commons-codec/1.9/commons-codec-1.9.jar:/Users/anu/.m2/repository/org/apache/httpcomponents/httpmime/4.5.3/httpmime-4.5.3.jar:/Users/anu/.m2/repository/org/ccil/cowan/tagsoup/tagsoup/1.2.1/tagsoup-1.2.1.jar:/Users/anu/.m2/repository/io/rest-assured/json-schema-validator/4.0.0/json-schema-validator-4.0.0.jar:/Users/anu/.m2/repository/com/github/java-json-tools/json-schema-validator/2.2.10/json-schema-validator-2.2.10.jar:/Users/anu/.m2/repository/com/github/java-json-tools/json-schema-core/1.2.10/json-schema-core-1.2.10.jar:/Users/anu/.m2/repository/com/github/java-json-tools/jackson-coreutils/1.9/jackson-coreutils-1.9.jar:/Users/anu/.m2/repository/com/fasterxml/jackson/core/jackson-databind/2.2.3/jackson-databind-2.2.3.jar:/Users/anu/.m2/repository/com/fasterxml/jackson/core/jackson-annotations/2.2.3/jackson-annotations-2.2.3.jar:/Users/anu/.m2/repository/com/fasterxml/jackson/core/jackson-core/2.2.3/jackson-core-2.2.3.jar:/Users/anu/.m2/repository/com/google/guava/guava/16.0.1/guava-16.0.1.jar:/Users/anu/.m2/repository/com/github/fge/msg-simple/1.1/msg-simple-1.1.jar:/Users/anu/.m2/repository/com/github/fge/btf/1.2/btf-1.2.jar:/Users/anu/.m2/repository/com/github/fge/uri-template/0.9/uri-template-0.9.jar:/Users/anu/.m2/repository/org/mozilla/rhino/1.7.7.1/rhino-1.7.7.1.jar:/Users/anu/.m2/repository/javax/mail/mailapi/1.4.3/mailapi-1.4.3.jar:/Users/anu/.m2/repository/joda-time/joda-time/2.9.7/joda-time-2.9.7.jar:/Users/anu/.m2/repository/com/googlecode/libphonenumber/libphonenumber/8.0.0/libphonenumber-8.0.0.jar:/Users/anu/.m2/repository/com/google/code/findbugs/jsr305/3.0.1/jsr305-3.0.1.jar:/Users/anu/.m2/repository/net/sf/jopt-simple/jopt-simple/5.0.3/jopt-simple-5.0.3.jar:/Users/anu/.m2/repository/io/rest-assured/json-path/4.0.0/json-path-4.0.0.jar:/Users/anu/.m2/repository/org/codehaus/groovy/groovy-json/2.5.6/groovy-json-2.5.6.jar:/Users/anu/.m2/repository/io/rest-assured/rest-assured-common/4.0.0/rest-assured-common-4.0.0.jar:/Users/anu/.m2/repository/io/rest-assured/xml-path/4.0.0/xml-path-4.0.0.jar:/Users/anu/.m2/repository/org/apache/commons/commons-lang3/3.4/commons-lang3-3.4.jar:/Users/anu/.m2/repository/javax/xml/bind/jaxb-api/2.2.12/jaxb-api-2.2.12.jar:/Users/anu/.m2/repository/com/sun/xml/bind/jaxb-osgi/2.2.10/jaxb-osgi-2.2.10.jar:/Users/anu/.m2/repository/org/apache/sling/org.apache.sling.javax.activation/0.1.0/org.apache.sling.javax.activation-0.1.0.jar:/Users/anu/.m2/repository/javax/activation/activation/1.1.1/activation-1.1.1.jar:/Users/anu/.m2/repository/org/hamcrest/hamcrest-core/2.1/hamcrest-core-2.1.jar:/Users/anu/.m2/repository/org/hamcrest/hamcrest/2.1/hamcrest-2.1.jar:/Users/anu/.m2/repository/org/hamcrest/hamcrest-library/2.1/hamcrest-library-2.1.jar:/Users/anu/.m2/repository/org/hamcrest/java-hamcrest/2.0.0.0/java-hamcrest-2.0.0.0.jar:"/>
    <property name="sun.cpu.endian" value="little"/>
    <property name="user.home" value="/Users/anu"/>
    <property name="user.language" value="en"/>
    <property name="java.specification.vendor" value="Oracle Corporation"/>
    <property name="java.version.date" value="2018-04-17"/>
    <property name="java.home" value="/Library/Java/JavaVirtualMachines/jdk-10.0.1.jdk/Contents/Home"/>
    <property name="file.separator" value="/"/>
    <property name="basedir" value="/Users/anu/eclipse-workspace/APIAutomation"/>
    <property name="java.vm.compressedOopsMode" value="Zero based"/>
    <property name="line.separator" value="&#10;"/>
    <property name="java.specification.name" value="Java Platform API Specification"/>
    <property name="java.vm.specification.vendor" value="Oracle Corporation"/>
    <property name="java.awt.graphicsenv" value="sun.awt.CGraphicsEnvironment"/>
    <property name="surefire.real.class.path" value="/Users/anu/eclipse-workspace/APIAutomation/target/surefire/surefirebooter13668175446624748489.jar"/>
    <property name="sun.management.compiler" value="HotSpot 64-Bit Tiered Compilers"/>
    <property name="ftp.nonProxyHosts" value="local|*.local|localhost|*.localhost|127.0.0.1"/>
    <property name="java.runtime.version" value="10.0.1+10"/>
    <property name="user.name" value="anu"/>
    <property name="path.separator" value=":"/>
    <property name="os.version" value="10.12.6"/>
    <property name="java.runtime.name" value="Java(TM) SE Runtime Environment"/>
    <property name="file.encoding" value="UTF-8"/>
    <property name="java.vm.name" value="Java HotSpot(TM) 64-Bit Server VM"/>
    <property name="java.vendor.version" value="18.3"/>
    <property name="localRepository" value="/Users/anu/.m2/repository"/>
    <property name="java.vendor.url.bug" value="http://bugreport.java.com/bugreport/"/>
    <property name="java.io.tmpdir" value="/var/folders/g_/30mngb9161dc20crcwm6mkn40000gn/T/"/>
    <property name="java.version" value="10.0.1"/>
    <property name="user.dir" value="/Users/anu/eclipse-workspace/APIAutomation"/>
    <property name="os.arch" value="x86_64"/>
    <property name="java.vm.specification.name" value="Java Virtual Machine Specification"/>
    <property name="java.awt.printerjob" value="sun.lwawt.macosx.CPrinterJob"/>
    <property name="sun.os.patch.level" value="unknown"/>
    <property name="java.library.path" value="/Users/anu/Library/Java/Extensions:/Library/Java/Extensions:/Network/Library/Java/Extensions:/System/Library/Java/Extensions:/usr/lib/java:."/>
    <property name="java.vendor" value="Oracle Corporation"/>
    <property name="java.vm.info" value="mixed mode"/>
    <property name="java.vm.version" value="10.0.1+10"/>
    <property name="sun.io.unicode.encoding" value="UnicodeBig"/>
    <property name="java.class.version" value="54.0"/>
    <property name="socksNonProxyHosts" value="local|*.local|localhost|*.localhost|127.0.0.1"/>
  </properties>
  <testcase name="Testpost" classname="apitests.Postrequest" time="2.779"/>
  <testcase name="putTest" classname="apitests.DeleteRequest" time="1.168"/>
  <testcase name="putTest" classname="apitests.PutRequest" time="1.185"/>
  <testcase name="Test1" classname="mytest.Mytests" time="0"/>
  <testcase name="Test2" classname="mytest.Mytests" time="0"/>
</testsuite>