<?xml version="1.0" encoding="UTF-8"?>
<!-- Generated by org.testng.reporters.JUnitReportReporter -->
<testsuite hostname="Anus-MacBook-Air.local" failures="0" tests="1" name="apitests.apistatuscodeTest" time="0.016" errors="0" timestamp="5 Jul 2019 09:20:01 GMT">
  <testcase classname="apitests.apistatuscodeTest" name="f" time="0.016"/>
</testsuite> <!-- apitests.apistatuscodeTest -->
