<?xml version="1.0" encoding="UTF-8"?>
<!-- Generated by org.testng.reporters.JUnitReportReporter -->
<testsuite hostname="Anus-MacBook-Air.local" failures="0" tests="2" name="mytest.Mytests" time="0.003" errors="0" timestamp="21 Jul 2019 16:46:43 GMT" skipped="0">
  <testcase classname="mytest.Mytests" name="Test2" time="0.001"/>
  <testcase classname="mytest.Mytests" name="Test1" time="0.002"/>
</testsuite> <!-- mytest.Mytests -->
