<?xml version="1.0" encoding="UTF-8"?>
<!-- Generated by org.testng.reporters.JUnitReportReporter -->
<testsuite hostname="Anus-MacBook-Air.local" failures="0" tests="1" name="apitests.Postrequest" time="3.687" errors="0" timestamp="21 Jul 2019 16:46:43 GMT" skipped="0">
  <testcase classname="apitests.Postrequest" name="Testpost" time="3.687"/>
</testsuite> <!-- apitests.Postrequest -->
