<?xml version="1.0" encoding="UTF-8"?>
<!-- Generated by org.testng.reporters.JUnitReportReporter -->
<testsuite hostname="Anus-MacBook-Air.local" failures="0" tests="1" name="apitests.StatusCode" time="2.326" errors="0" timestamp="21 Jul 2019 17:01:22 GMT" skipped="0">
  <testcase classname="apitests.StatusCode" name="status" time="2.326"/>
</testsuite> <!-- apitests.StatusCode -->
