<?xml version="1.0" encoding="UTF-8"?>
<!-- Generated by org.testng.reporters.JUnitReportReporter -->
<testsuite hostname="Anus-MacBook-Air.local" failures="0" tests="1" name="apitests.DeleteRequest" time="1.147" errors="0" timestamp="21 Jul 2019 16:46:43 GMT" skipped="0">
  <testcase classname="apitests.DeleteRequest" name="putTest" time="1.147"/>
</testsuite> <!-- apitests.DeleteRequest -->
