<?xml version="1.0" encoding="UTF-8"?>
<!-- Generated by org.testng.reporters.JUnitReportReporter -->
<testsuite hostname="Anus-MacBook-Air.local" failures="0" tests="1" name="apitests.PutRequest" time="0.759" errors="0" timestamp="28 Jul 2019 06:13:44 GMT" skipped="0">
  <testcase classname="apitests.PutRequest" name="putTest" time="0.759"/>
</testsuite> <!-- apitests.PutRequest -->
