<?xml version="1.0" encoding="UTF-8"?>
<!-- Generated by org.testng.reporters.JUnitReportReporter -->
<testsuite hostname="Anus-MacBook-Air.local" failures="0" tests="1" name="apitests.DeleteRequest" time="1.274" errors="0" timestamp="28 Jul 2019 06:13:44 GMT" skipped="0">
  <testcase classname="apitests.DeleteRequest" name="putTest" time="1.274"/>
</testsuite> <!-- apitests.DeleteRequest -->
