<?xml version="1.0" encoding="UTF-8"?>
<!-- Generated by org.testng.reporters.JUnitReportReporter -->
<testsuite hostname="Anus-Air" failures="0" tests="1" name="apitests.PutRequest" time="1.188" errors="0" timestamp="21 Jul 2019 13:27:32 GMT" skipped="0">
  <testcase classname="apitests.PutRequest" name="putTest" time="1.188"/>
</testsuite> <!-- apitests.PutRequest -->
