<?xml version="1.0" encoding="UTF-8"?>
<!-- Generated by org.testng.reporters.JUnitReportReporter -->
<testsuite hostname="Anus-MacBook-Air.local" failures="0" tests="1" name="apitests.Postrequest" time="3.042" errors="0" timestamp="28 Jul 2019 06:13:44 GMT" skipped="0">
  <testcase classname="apitests.Postrequest" name="Testpost" time="3.042"/>
</testsuite> <!-- apitests.Postrequest -->
