<?xml version="1.0" encoding="UTF-8"?>
<!-- Generated by org.testng.reporters.JUnitReportReporter -->
<testsuite hostname="Anus-Air" failures="0" tests="2" name="mytest.Mytests" time="0.000" errors="0" timestamp="21 Jul 2019 13:27:32 GMT" skipped="0">
  <testcase classname="mytest.Mytests" name="Test1" time="0.000"/>
  <testcase classname="mytest.Mytests" name="Test2" time="0.000"/>
</testsuite> <!-- mytest.Mytests -->
